<?xml version="1.0" encoding="UTF-8"?>
<!-- Generated by org.testng.reporters.JUnitXMLReporter -->
<testsuite ignored="0" hostname="DESKTOP-6E92PP8" failures="0" tests="6" name="Default test" time="0.05" errors="0" timestamp="2024-08-21T10:36:42 IST">
  <testcase classname="com.testng.TestNGGroup" name="green1" time="0.006"/>
  <testcase classname="com.testng.TestNGGroup" name="green2" time="0.001"/>
  <testcase classname="com.testng.TestNGGroup" name="green3" time="0.001"/>
  <testcase classname="com.testng.TestNGGroup" name="red1" time="0.002"/>
  <testcase classname="com.testng.TestNGGroup" name="red2" time="0.001"/>
  <testcase classname="com.testng.TestNGGroup" name="red3" time="0.001"/>
</testsuite> <!-- Default test -->
