<?xml version="1.0" encoding="UTF-8"?>
<!-- Generated by org.testng.reporters.JUnitXMLReporter -->
<testsuite ignored="3" hostname="DESKTOP-6E92PP8" failures="0" tests="4" name="Test" time="0.063" errors="0" timestamp="2024-08-21T10:40:58 IST">
  <testcase classname="com.testng.TestNGGroup" name="green1" time="0.007"/>
  <testcase classname="com.testng.TestNGGroup" name="green2" time="0.001"/>
  <testcase classname="com.testng.TestNGGroup" name="green3" time="0.001"/>
  <testcase classname="com.testng.TestNGGroup" name="greenandred" time="0.001"/>
  <testcase classname="com.testng.TestNGGroup" name="red1" time="0.0">
    <ignored/>
  </testcase> <!-- red1 -->
  <testcase classname="com.testng.TestNGGroup" name="red2" time="0.0">
    <ignored/>
  </testcase> <!-- red2 -->
  <testcase classname="com.testng.TestNGGroup" name="red3" time="0.0">
    <ignored/>
  </testcase> <!-- red3 -->
</testsuite> <!-- Test -->
