<?xml version="1.0" encoding="UTF-8"?>
<testng-results ignored="0" total="1" passed="1" failed="0" skipped="0">
  <reporter-output>
  </reporter-output>
  <suite started-at="2024-09-02T10:59:07 IST" name="Default suite" finished-at="2024-09-02T10:59:46 IST" duration-ms="38952">
    <groups>
    </groups>
    <test started-at="2024-09-02T10:59:07 IST" name="Default test" finished-at="2024-09-02T10:59:46 IST" duration-ms="38952">
      <class name="com.FW.DataDrivenFW">
        <test-method signature="test()[pri:0, instance:com.FW.DataDrivenFW@30b6ffe0]" started-at="2024-09-02T10:59:07 IST" name="test" finished-at="2024-09-02T10:59:46 IST" duration-ms="38924" status="PASS">
          <reporter-output>
          </reporter-output>
        </test-method> <!-- test -->
      </class> <!-- com.FW.DataDrivenFW -->
    </test> <!-- Default test -->
  </suite> <!-- Default suite -->
</testng-results>
